<?xml version="1.0" encoding="UTF-8"?>
<coverage generated="1763522063754" clover="3.2.0">
  <project timestamp="1763522063754" name="All files">
    <metrics statements="8" coveredstatements="8" conditionals="8" coveredconditionals="8" methods="1" coveredmethods="1" elements="17" coveredelements="17" complexity="0" loc="8" ncloc="8" packages="1" files="1" classes="1"/>
    <file name="fizzBuzz.js" path="/Users/risanggalih/Desktop/javascript-every-day/src/fizzBuzz.js">
      <metrics statements="8" coveredstatements="8" conditionals="8" coveredconditionals="8" methods="1" coveredmethods="1"/>
      <line num="8" count="1" type="stmt"/>
      <line num="9" count="10" type="cond" truecount="4" falsecount="0"/>
      <line num="10" count="2" type="stmt"/>
      <line num="11" count="8" type="cond" truecount="2" falsecount="0"/>
      <line num="12" count="2" type="stmt"/>
      <line num="13" count="6" type="cond" truecount="2" falsecount="0"/>
      <line num="14" count="2" type="stmt"/>
      <line num="17" count="1" type="stmt"/>
    </file>
  </project>
</coverage>
