<?xml version="1.0" encoding="UTF-8"?>
<coverage generated="1764640469137" clover="3.2.0">
  <project timestamp="1764640469137" name="All files">
    <metrics statements="51" coveredstatements="50" conditionals="28" coveredconditionals="25" methods="10" coveredmethods="10" elements="89" coveredelements="85" complexity="0" loc="51" ncloc="51" packages="1" files="5" classes="5"/>
    <file name="BMIcalculator.js" path="/Users/risanggalih/Desktop/javascript-every-day/src/BMIcalculator.js">
      <metrics statements="11" coveredstatements="10" conditionals="12" coveredconditionals="10" methods="2" coveredmethods="2"/>
      <line num="2" count="1" type="stmt"/>
      <line num="3" count="1" type="stmt"/>
      <line num="7" count="3" type="cond" truecount="2" falsecount="0"/>
      <line num="8" count="1" type="stmt"/>
      <line num="9" count="2" type="cond" truecount="4" falsecount="0"/>
      <line num="10" count="1" type="stmt"/>
      <line num="11" count="1" type="cond" truecount="3" falsecount="1"/>
      <line num="12" count="0" type="stmt"/>
      <line num="13" count="1" type="cond" truecount="1" falsecount="1"/>
      <line num="14" count="1" type="stmt"/>
      <line num="18" count="1" type="stmt"/>
    </file>
    <file name="countVowel.js" path="/Users/risanggalih/Desktop/javascript-every-day/src/countVowel.js">
      <metrics statements="9" coveredstatements="9" conditionals="2" coveredconditionals="2" methods="1" coveredmethods="1"/>
      <line num="1" count="1" type="stmt"/>
      <line num="2" count="3" type="stmt"/>
      <line num="3" count="3" type="stmt"/>
      <line num="4" count="3" type="stmt"/>
      <line num="5" count="62" type="cond" truecount="2" falsecount="0"/>
      <line num="6" count="24" type="stmt"/>
      <line num="9" count="3" type="stmt"/>
      <line num="12" count="1" type="stmt"/>
      <line num="13" count="1" type="stmt"/>
    </file>
    <file name="findUniqeNumber.js" path="/Users/risanggalih/Desktop/javascript-every-day/src/findUniqeNumber.js">
      <metrics statements="17" coveredstatements="17" conditionals="6" coveredconditionals="5" methods="5" coveredmethods="5"/>
      <line num="1" count="1" type="stmt"/>
      <line num="2" count="3" type="stmt"/>
      <line num="3" count="3" type="stmt"/>
      <line num="4" count="3" type="stmt"/>
      <line num="5" count="31" type="stmt"/>
      <line num="6" count="32" type="stmt"/>
      <line num="7" count="55" type="stmt"/>
      <line num="8" count="31" type="cond" truecount="2" falsecount="0"/>
      <line num="9" count="3" type="stmt"/>
      <line num="10" count="28" type="cond" truecount="2" falsecount="0"/>
      <line num="11" count="17" type="stmt"/>
      <line num="12" count="11" type="cond" truecount="1" falsecount="1"/>
      <line num="13" count="11" type="stmt"/>
      <line num="14" count="17" type="stmt"/>
      <line num="18" count="3" type="stmt"/>
      <line num="21" count="1" type="stmt"/>
      <line num="23" count="1" type="stmt"/>
    </file>
    <file name="fizzBuzz.js" path="/Users/risanggalih/Desktop/javascript-every-day/src/fizzBuzz.js">
      <metrics statements="8" coveredstatements="8" conditionals="8" coveredconditionals="8" methods="1" coveredmethods="1"/>
      <line num="8" count="1" type="stmt"/>
      <line num="9" count="10" type="cond" truecount="4" falsecount="0"/>
      <line num="10" count="2" type="stmt"/>
      <line num="11" count="8" type="cond" truecount="2" falsecount="0"/>
      <line num="12" count="2" type="stmt"/>
      <line num="13" count="6" type="cond" truecount="2" falsecount="0"/>
      <line num="14" count="2" type="stmt"/>
      <line num="17" count="1" type="stmt"/>
    </file>
    <file name="reverseWordSentence.js" path="/Users/risanggalih/Desktop/javascript-every-day/src/reverseWordSentence.js">
      <metrics statements="6" coveredstatements="6" conditionals="0" coveredconditionals="0" methods="1" coveredmethods="1"/>
      <line num="1" count="1" type="stmt"/>
      <line num="2" count="2" type="stmt"/>
      <line num="3" count="2" type="stmt"/>
      <line num="4" count="2" type="stmt"/>
      <line num="7" count="1" type="stmt"/>
      <line num="9" count="1" type="stmt"/>
    </file>
  </project>
</coverage>
