{"/Users/risanggalih/Desktop/javascript-every-day/src/BMIcalculator.js": {"path":"/Users/risanggalih/Desktop/javascript-every-day/src/BMIcalculator.js","statementMap":{"0":{"start":{"line":2,"column":14},"end":{"line":2,"column":39}},"1":{"start":{"line":3,"column":2},"end":{"line":3,"column":36}},"2":{"start":{"line":7,"column":2},"end":{"line":15,"column":3}},"3":{"start":{"line":8,"column":4},"end":{"line":8,"column":36}},"4":{"start":{"line":9,"column":9},"end":{"line":15,"column":3}},"5":{"start":{"line":10,"column":4},"end":{"line":10,"column":20}},"6":{"start":{"line":11,"column":9},"end":{"line":15,"column":3}},"7":{"start":{"line":12,"column":4},"end":{"line":12,"column":35}},"8":{"start":{"line":13,"column":9},"end":{"line":15,"column":3}},"9":{"start":{"line":14,"column":4},"end":{"line":14,"column":22}},"10":{"start":{"line":18,"column":0},"end":{"line":18,"column":48}}},"fnMap":{"0":{"name":"hitungBMI","decl":{"start":{"line":1,"column":9},"end":{"line":1,"column":18}},"loc":{"start":{"line":1,"column":34},"end":{"line":4,"column":1}},"line":1},"1":{"name":"interpretasiBMI","decl":{"start":{"line":6,"column":9},"end":{"line":6,"column":24}},"loc":{"start":{"line":6,"column":30},"end":{"line":16,"column":1}},"line":6}},"branchMap":{"0":{"loc":{"start":{"line":7,"column":2},"end":{"line":15,"column":3}},"type":"if","locations":[{"start":{"line":7,"column":2},"end":{"line":15,"column":3}},{"start":{"line":9,"column":9},"end":{"line":15,"column":3}}],"line":7},"1":{"loc":{"start":{"line":9,"column":9},"end":{"line":15,"column":3}},"type":"if","locations":[{"start":{"line":9,"column":9},"end":{"line":15,"column":3}},{"start":{"line":11,"column":9},"end":{"line":15,"column":3}}],"line":9},"2":{"loc":{"start":{"line":9,"column":13},"end":{"line":9,"column":36}},"type":"binary-expr","locations":[{"start":{"line":9,"column":13},"end":{"line":9,"column":24}},{"start":{"line":9,"column":28},"end":{"line":9,"column":36}}],"line":9},"3":{"loc":{"start":{"line":11,"column":9},"end":{"line":15,"column":3}},"type":"if","locations":[{"start":{"line":11,"column":9},"end":{"line":15,"column":3}},{"start":{"line":13,"column":9},"end":{"line":15,"column":3}}],"line":11},"4":{"loc":{"start":{"line":11,"column":13},"end":{"line":11,"column":34}},"type":"binary-expr","locations":[{"start":{"line":11,"column":13},"end":{"line":11,"column":22}},{"start":{"line":11,"column":26},"end":{"line":11,"column":34}}],"line":11},"5":{"loc":{"start":{"line":13,"column":9},"end":{"line":15,"column":3}},"type":"if","locations":[{"start":{"line":13,"column":9},"end":{"line":15,"column":3}},{"start":{},"end":{}}],"line":13}},"s":{"0":1,"1":1,"2":3,"3":1,"4":2,"5":1,"6":1,"7":0,"8":1,"9":1,"10":1},"f":{"0":1,"1":3},"b":{"0":[1,2],"1":[1,1],"2":[2,2],"3":[0,1],"4":[1,1],"5":[1,0]},"_coverageSchema":"1a1c01bbd47fc00a2c39e90264f33305004495a9","hash":"57f297bd7f5ff83271d99fad2bc1ce33c0c20209"}
,"/Users/risanggalih/Desktop/javascript-every-day/src/countVowel.js": {"path":"/Users/risanggalih/Desktop/javascript-every-day/src/countVowel.js","statementMap":{"0":{"start":{"line":1,"column":19},"end":{"line":10,"column":1}},"1":{"start":{"line":2,"column":16},"end":{"line":2,"column":17}},"2":{"start":{"line":3,"column":16},"end":{"line":3,"column":37}},"3":{"start":{"line":4,"column":4},"end":{"line":8,"column":5}},"4":{"start":{"line":4,"column":16},"end":{"line":4,"column":17}},"5":{"start":{"line":5,"column":8},"end":{"line":7,"column":9}},"6":{"start":{"line":6,"column":12},"end":{"line":6,"column":19}},"7":{"start":{"line":9,"column":4},"end":{"line":9,"column":16}},"8":{"start":{"line":12,"column":0},"end":{"line":12,"column":27}},"9":{"start":{"line":13,"column":0},"end":{"line":13,"column":54}}},"fnMap":{"0":{"name":"(anonymous_0)","decl":{"start":{"line":1,"column":19},"end":{"line":1,"column":20}},"loc":{"start":{"line":1,"column":28},"end":{"line":10,"column":1}},"line":1}},"branchMap":{"0":{"loc":{"start":{"line":5,"column":8},"end":{"line":7,"column":9}},"type":"if","locations":[{"start":{"line":5,"column":8},"end":{"line":7,"column":9}},{"start":{},"end":{}}],"line":5}},"s":{"0":1,"1":3,"2":3,"3":3,"4":3,"5":62,"6":24,"7":3,"8":1,"9":1},"f":{"0":3},"b":{"0":[24,38]},"_coverageSchema":"1a1c01bbd47fc00a2c39e90264f33305004495a9","hash":"1c6c39e70d3897ffde0485017ddb9e568879b297"}
,"/Users/risanggalih/Desktop/javascript-every-day/src/findUniqeNumber.js": {"path":"/Users/risanggalih/Desktop/javascript-every-day/src/findUniqeNumber.js","statementMap":{"0":{"start":{"line":1,"column":24},"end":{"line":19,"column":1}},"1":{"start":{"line":2,"column":20},"end":{"line":2,"column":22}},"2":{"start":{"line":3,"column":20},"end":{"line":3,"column":22}},"3":{"start":{"line":4,"column":2},"end":{"line":16,"column":5}},"4":{"start":{"line":5,"column":4},"end":{"line":5,"column":21}},"5":{"start":{"line":6,"column":25},"end":{"line":6,"column":66}},"6":{"start":{"line":6,"column":53},"end":{"line":6,"column":65}},"7":{"start":{"line":7,"column":25},"end":{"line":7,"column":66}},"8":{"start":{"line":7,"column":53},"end":{"line":7,"column":65}},"9":{"start":{"line":8,"column":4},"end":{"line":15,"column":5}},"10":{"start":{"line":9,"column":6},"end":{"line":9,"column":28}},"11":{"start":{"line":10,"column":11},"end":{"line":15,"column":5}},"12":{"start":{"line":11,"column":6},"end":{"line":11,"column":28}},"13":{"start":{"line":12,"column":11},"end":{"line":15,"column":5}},"14":{"start":{"line":13,"column":6},"end":{"line":13,"column":28}},"15":{"start":{"line":14,"column":6},"end":{"line":14,"column":63}},"16":{"start":{"line":14,"column":49},"end":{"line":14,"column":61}},"17":{"start":{"line":18,"column":2},"end":{"line":18,"column":21}},"18":{"start":{"line":21,"column":0},"end":{"line":21,"column":65}},"19":{"start":{"line":23,"column":0},"end":{"line":23,"column":33}}},"fnMap":{"0":{"name":"(anonymous_0)","decl":{"start":{"line":1,"column":24},"end":{"line":1,"column":25}},"loc":{"start":{"line":1,"column":34},"end":{"line":19,"column":1}},"line":1},"1":{"name":"(anonymous_1)","decl":{"start":{"line":4,"column":14},"end":{"line":4,"column":15}},"loc":{"start":{"line":4,"column":23},"end":{"line":16,"column":3}},"line":4},"2":{"name":"(anonymous_2)","decl":{"start":{"line":6,"column":43},"end":{"line":6,"column":44}},"loc":{"start":{"line":6,"column":53},"end":{"line":6,"column":65}},"line":6},"3":{"name":"(anonymous_3)","decl":{"start":{"line":7,"column":43},"end":{"line":7,"column":44}},"loc":{"start":{"line":7,"column":53},"end":{"line":7,"column":65}},"line":7},"4":{"name":"(anonymous_4)","decl":{"start":{"line":14,"column":39},"end":{"line":14,"column":40}},"loc":{"start":{"line":14,"column":49},"end":{"line":14,"column":61}},"line":14}},"branchMap":{"0":{"loc":{"start":{"line":8,"column":4},"end":{"line":15,"column":5}},"type":"if","locations":[{"start":{"line":8,"column":4},"end":{"line":15,"column":5}},{"start":{"line":10,"column":11},"end":{"line":15,"column":5}}],"line":8},"1":{"loc":{"start":{"line":10,"column":11},"end":{"line":15,"column":5}},"type":"if","locations":[{"start":{"line":10,"column":11},"end":{"line":15,"column":5}},{"start":{"line":12,"column":11},"end":{"line":15,"column":5}}],"line":10},"2":{"loc":{"start":{"line":12,"column":11},"end":{"line":15,"column":5}},"type":"if","locations":[{"start":{"line":12,"column":11},"end":{"line":15,"column":5}},{"start":{},"end":{}}],"line":12}},"s":{"0":1,"1":3,"2":3,"3":3,"4":31,"5":31,"6":32,"7":31,"8":55,"9":31,"10":3,"11":28,"12":17,"13":11,"14":11,"15":11,"16":17,"17":3,"18":1,"19":1},"f":{"0":3,"1":31,"2":32,"3":55,"4":17},"b":{"0":[3,28],"1":[17,11],"2":[11,0]},"_coverageSchema":"1a1c01bbd47fc00a2c39e90264f33305004495a9","hash":"eeba5d7c10cef846eb1245f752f5245baf4068f5"}
,"/Users/risanggalih/Desktop/javascript-every-day/src/fizzBuzz.js": {"path":"/Users/risanggalih/Desktop/javascript-every-day/src/fizzBuzz.js","statementMap":{"0":{"start":{"line":8,"column":17},"end":{"line":16,"column":1}},"1":{"start":{"line":9,"column":2},"end":{"line":15,"column":3}},"2":{"start":{"line":10,"column":4},"end":{"line":10,"column":22}},"3":{"start":{"line":11,"column":9},"end":{"line":15,"column":3}},"4":{"start":{"line":12,"column":4},"end":{"line":12,"column":18}},"5":{"start":{"line":13,"column":9},"end":{"line":15,"column":3}},"6":{"start":{"line":14,"column":4},"end":{"line":14,"column":18}},"7":{"start":{"line":17,"column":0},"end":{"line":17,"column":30}}},"fnMap":{"0":{"name":"(anonymous_0)","decl":{"start":{"line":8,"column":17},"end":{"line":8,"column":18}},"loc":{"start":{"line":8,"column":24},"end":{"line":16,"column":1}},"line":8}},"branchMap":{"0":{"loc":{"start":{"line":9,"column":2},"end":{"line":15,"column":3}},"type":"if","locations":[{"start":{"line":9,"column":2},"end":{"line":15,"column":3}},{"start":{"line":11,"column":9},"end":{"line":15,"column":3}}],"line":9},"1":{"loc":{"start":{"line":9,"column":6},"end":{"line":9,"column":32}},"type":"binary-expr","locations":[{"start":{"line":9,"column":6},"end":{"line":9,"column":17}},{"start":{"line":9,"column":21},"end":{"line":9,"column":32}}],"line":9},"2":{"loc":{"start":{"line":11,"column":9},"end":{"line":15,"column":3}},"type":"if","locations":[{"start":{"line":11,"column":9},"end":{"line":15,"column":3}},{"start":{"line":13,"column":9},"end":{"line":15,"column":3}}],"line":11},"3":{"loc":{"start":{"line":13,"column":9},"end":{"line":15,"column":3}},"type":"if","locations":[{"start":{"line":13,"column":9},"end":{"line":15,"column":3}},{"start":{},"end":{}}],"line":13}},"s":{"0":1,"1":10,"2":2,"3":8,"4":2,"5":6,"6":2,"7":1},"f":{"0":10},"b":{"0":[2,8],"1":[10,4],"2":[2,6],"3":[2,4]},"_coverageSchema":"1a1c01bbd47fc00a2c39e90264f33305004495a9","hash":"dc444200d11ef5e859d03dd980fff870e950fbf6"}
,"/Users/risanggalih/Desktop/javascript-every-day/src/reverseWordSentence.js": {"path":"/Users/risanggalih/Desktop/javascript-every-day/src/reverseWordSentence.js","statementMap":{"0":{"start":{"line":1,"column":28},"end":{"line":5,"column":1}},"1":{"start":{"line":2,"column":15},"end":{"line":2,"column":34}},"2":{"start":{"line":3,"column":22},"end":{"line":3,"column":46}},"3":{"start":{"line":4,"column":2},"end":{"line":4,"column":35}},"4":{"start":{"line":7,"column":0},"end":{"line":7,"column":48}},"5":{"start":{"line":9,"column":0},"end":{"line":9,"column":38}}},"fnMap":{"0":{"name":"(anonymous_0)","decl":{"start":{"line":1,"column":28},"end":{"line":1,"column":29}},"loc":{"start":{"line":1,"column":42},"end":{"line":5,"column":1}},"line":1}},"branchMap":{},"s":{"0":1,"1":2,"2":2,"3":2,"4":1,"5":1},"f":{"0":2},"b":{},"_coverageSchema":"1a1c01bbd47fc00a2c39e90264f33305004495a9","hash":"9f3831664a0903423e6724a26b96dd211a57cd9b"}
}
