{"/Users/risanggalih/Desktop/javascript-every-day/src/BMIcalculator.js": {"path":"/Users/risanggalih/Desktop/javascript-every-day/src/BMIcalculator.js","statementMap":{"0":{"start":{"line":3,"column":2},"end":{"line":3,"column":35}},"1":{"start":{"line":7,"column":2},"end":{"line":15,"column":3}},"2":{"start":{"line":8,"column":4},"end":{"line":8,"column":36}},"3":{"start":{"line":9,"column":9},"end":{"line":15,"column":3}},"4":{"start":{"line":10,"column":4},"end":{"line":10,"column":20}},"5":{"start":{"line":11,"column":9},"end":{"line":15,"column":3}},"6":{"start":{"line":12,"column":4},"end":{"line":12,"column":35}},"7":{"start":{"line":14,"column":4},"end":{"line":14,"column":22}},"8":{"start":{"line":18,"column":0},"end":{"line":18,"column":48}}},"fnMap":{"0":{"name":"hitungBMI","decl":{"start":{"line":2,"column":9},"end":{"line":2,"column":18}},"loc":{"start":{"line":2,"column":34},"end":{"line":4,"column":1}},"line":2},"1":{"name":"interpretasiBMI","decl":{"start":{"line":6,"column":9},"end":{"line":6,"column":24}},"loc":{"start":{"line":6,"column":30},"end":{"line":16,"column":1}},"line":6}},"branchMap":{"0":{"loc":{"start":{"line":7,"column":2},"end":{"line":15,"column":3}},"type":"if","locations":[{"start":{"line":7,"column":2},"end":{"line":15,"column":3}},{"start":{"line":9,"column":9},"end":{"line":15,"column":3}}],"line":7},"1":{"loc":{"start":{"line":9,"column":9},"end":{"line":15,"column":3}},"type":"if","locations":[{"start":{"line":9,"column":9},"end":{"line":15,"column":3}},{"start":{"line":11,"column":9},"end":{"line":15,"column":3}}],"line":9},"2":{"loc":{"start":{"line":11,"column":9},"end":{"line":15,"column":3}},"type":"if","locations":[{"start":{"line":11,"column":9},"end":{"line":15,"column":3}},{"start":{"line":13,"column":9},"end":{"line":15,"column":3}}],"line":11}},"s":{"0":1,"1":3,"2":0,"3":3,"4":2,"5":1,"6":0,"7":1,"8":1},"f":{"0":1,"1":3},"b":{"0":[0,3],"1":[2,1],"2":[0,1]},"_coverageSchema":"1a1c01bbd47fc00a2c39e90264f33305004495a9","hash":"d934a2d3a9a0d8cc19474729069d7c97ca3bc871"}
,"/Users/risanggalih/Desktop/javascript-every-day/src/fizzBuzz.js": {"path":"/Users/risanggalih/Desktop/javascript-every-day/src/fizzBuzz.js","statementMap":{"0":{"start":{"line":8,"column":17},"end":{"line":16,"column":1}},"1":{"start":{"line":9,"column":2},"end":{"line":15,"column":3}},"2":{"start":{"line":10,"column":4},"end":{"line":10,"column":22}},"3":{"start":{"line":11,"column":9},"end":{"line":15,"column":3}},"4":{"start":{"line":12,"column":4},"end":{"line":12,"column":18}},"5":{"start":{"line":13,"column":9},"end":{"line":15,"column":3}},"6":{"start":{"line":14,"column":4},"end":{"line":14,"column":18}},"7":{"start":{"line":17,"column":0},"end":{"line":17,"column":30}}},"fnMap":{"0":{"name":"(anonymous_0)","decl":{"start":{"line":8,"column":17},"end":{"line":8,"column":18}},"loc":{"start":{"line":8,"column":24},"end":{"line":16,"column":1}},"line":8}},"branchMap":{"0":{"loc":{"start":{"line":9,"column":2},"end":{"line":15,"column":3}},"type":"if","locations":[{"start":{"line":9,"column":2},"end":{"line":15,"column":3}},{"start":{"line":11,"column":9},"end":{"line":15,"column":3}}],"line":9},"1":{"loc":{"start":{"line":9,"column":6},"end":{"line":9,"column":32}},"type":"binary-expr","locations":[{"start":{"line":9,"column":6},"end":{"line":9,"column":17}},{"start":{"line":9,"column":21},"end":{"line":9,"column":32}}],"line":9},"2":{"loc":{"start":{"line":11,"column":9},"end":{"line":15,"column":3}},"type":"if","locations":[{"start":{"line":11,"column":9},"end":{"line":15,"column":3}},{"start":{"line":13,"column":9},"end":{"line":15,"column":3}}],"line":11},"3":{"loc":{"start":{"line":13,"column":9},"end":{"line":15,"column":3}},"type":"if","locations":[{"start":{"line":13,"column":9},"end":{"line":15,"column":3}},{"start":{},"end":{}}],"line":13}},"s":{"0":1,"1":10,"2":2,"3":8,"4":2,"5":6,"6":2,"7":1},"f":{"0":10},"b":{"0":[2,8],"1":[10,4],"2":[2,6],"3":[2,4]},"_coverageSchema":"1a1c01bbd47fc00a2c39e90264f33305004495a9","hash":"dc444200d11ef5e859d03dd980fff870e950fbf6"}
}
