TN:
SF:src/BMIcalculator.js
FN:1,hitungBMI
FN:6,interpretasiBMI
FNF:2
FNH:2
FNDA:1,hitungBMI
FNDA:3,interpretasiBMI
DA:2,1
DA:3,1
DA:7,3
DA:8,1
DA:9,2
DA:10,1
DA:11,1
DA:12,0
DA:13,1
DA:14,1
DA:18,1
LF:11
LH:10
BRDA:7,0,0,1
BRDA:7,0,1,2
BRDA:9,1,0,1
BRDA:9,1,1,1
BRDA:9,2,0,2
BRDA:9,2,1,2
BRDA:11,3,0,0
BRDA:11,3,1,1
BRDA:11,4,0,1
BRDA:11,4,1,1
BRDA:13,5,0,1
BRDA:13,5,1,0
BRF:12
BRH:10
end_of_record
TN:
SF:src/findUniqeNumber.js
FN:1,(anonymous_0)
FN:4,(anonymous_1)
FN:6,(anonymous_2)
FN:7,(anonymous_3)
FN:14,(anonymous_4)
FNF:5
FNH:5
FNDA:2,(anonymous_0)
FNDA:20,(anonymous_1)
FNDA:21,(anonymous_2)
FNDA:34,(anonymous_3)
FNDA:11,(anonymous_4)
DA:1,1
DA:2,2
DA:3,2
DA:4,2
DA:5,20
DA:6,21
DA:7,34
DA:8,20
DA:9,2
DA:10,18
DA:11,11
DA:12,7
DA:13,7
DA:14,11
DA:18,2
DA:21,1
DA:23,1
LF:17
LH:17
BRDA:8,0,0,2
BRDA:8,0,1,18
BRDA:10,1,0,11
BRDA:10,1,1,7
BRDA:12,2,0,7
BRDA:12,2,1,0
BRF:6
BRH:5
end_of_record
TN:
SF:src/fizzBuzz.js
FN:8,(anonymous_0)
FNF:1
FNH:1
FNDA:10,(anonymous_0)
DA:8,1
DA:9,10
DA:10,2
DA:11,8
DA:12,2
DA:13,6
DA:14,2
DA:17,1
LF:8
LH:8
BRDA:9,0,0,2
BRDA:9,0,1,8
BRDA:9,1,0,10
BRDA:9,1,1,4
BRDA:11,2,0,2
BRDA:11,2,1,6
BRDA:13,3,0,2
BRDA:13,3,1,4
BRF:8
BRH:8
end_of_record
TN:
SF:src/reverseWordSentence.js
FN:1,(anonymous_0)
FNF:1
FNH:1
FNDA:2,(anonymous_0)
DA:1,1
DA:2,2
DA:3,2
DA:4,2
DA:7,1
DA:9,1
LF:6
LH:6
BRF:0
BRH:0
end_of_record
