TN:
SF:src/BMIcalculator.js
FN:2,hitungBMI
FN:6,interpretasiBMI
FNF:2
FNH:2
FNDA:1,hitungBMI
FNDA:3,interpretasiBMI
DA:3,1
DA:7,3
DA:8,0
DA:9,3
DA:10,2
DA:11,1
DA:12,0
DA:14,1
DA:18,1
LF:9
LH:7
BRDA:7,0,0,0
BRDA:7,0,1,3
BRDA:9,1,0,2
BRDA:9,1,1,1
BRDA:11,2,0,0
BRDA:11,2,1,1
BRF:6
BRH:4
end_of_record
TN:
SF:src/fizzBuzz.js
FN:8,(anonymous_0)
FNF:1
FNH:1
FNDA:10,(anonymous_0)
DA:8,1
DA:9,10
DA:10,2
DA:11,8
DA:12,2
DA:13,6
DA:14,2
DA:17,1
LF:8
LH:8
BRDA:9,0,0,2
BRDA:9,0,1,8
BRDA:9,1,0,10
BRDA:9,1,1,4
BRDA:11,2,0,2
BRDA:11,2,1,6
BRDA:13,3,0,2
BRDA:13,3,1,4
BRF:8
BRH:8
end_of_record
